<?xml version="1.0" encoding="UTF-8"?>
<testsuite name="com.axonactive.DefinitionTestSuite" time="4.174" tests="8" errors="0" skipped="0" failures="0">
  <properties>
[...]
</properties>
  <testcase name="Given I am openning a person named &apos;6b15a2f9-7c26-4328-9d8b-5eff600a8434&apos;" classname="Scenario: Close a person" time="0.001"/>
  <testcase name="When I press close button on the person" classname="Scenario: Close a person" time="0"/>
  <testcase name="Then Opened person &apos;thao_test_1&apos; is closed" classname="Scenario: Close a person" time="0"/>
  <testcase name="Scenario: Close a person" classname="Scenario: Close a person" time="3.484"/>
  <testcase name="Given I am on homepage" classname="Scenario: Search person" time="0"/>
  <testcase name="When I enter keyword &apos;thao_test_1&apos; on search textbox and press enter" classname="Scenario: Search person" time="0"/>
  <testcase name="Then result grid is displayed containing &apos;thao_test_1&apos;" classname="Scenario: Search person" time="0"/>
  <testcase name="Scenario: Search person" classname="Scenario: Search person" time="0.689"/>
</testsuite>